2018-11-03 21:50:02 INFO            edu.bator.EntryPoint:  46 - Starting.
2018-11-03 21:50:04 DEBUG    edu.bator.cards.AllCardsSet:  69 - Cloning edu.bator.cards.done.BorisSkullcrusher
2018-11-03 21:50:04 DEBUG    edu.bator.cards.AllCardsSet:  69 - Cloning edu.bator.cards.done.Mournblade
2018-11-03 21:50:04 DEBUG    edu.bator.cards.AllCardsSet:  69 - Cloning edu.bator.cards.done.SnowSapphire
2018-11-03 21:50:04 DEBUG    edu.bator.cards.AllCardsSet:  69 - Cloning edu.bator.cards.done.BorisSkullcrusher
2018-11-03 21:50:04 DEBUG    edu.bator.cards.AllCardsSet:  69 - Cloning edu.bator.cards.done.Mournblade
2018-11-03 21:50:04 DEBUG    edu.bator.cards.AllCardsSet:  69 - Cloning edu.bator.cards.done.SnowSapphire
2018-11-03 21:50:04 DEBUG    edu.bator.cards.AllCardsSet:  69 - Cloning edu.bator.cards.done.BirgitteSkullborn
2018-11-03 21:50:04 DEBUG    edu.bator.cards.AllCardsSet:  69 - Cloning edu.bator.cards.done.BirgitteSkullborn
2018-11-03 21:50:04 DEBUG    edu.bator.cards.AllCardsSet:  69 - Cloning edu.bator.cards.done.BirgitteSkullborn
2018-11-03 21:50:04 DEBUG    edu.bator.cards.AllCardsSet:  69 - Cloning edu.bator.cards.done.BirgitteSkullborn
2018-11-03 21:50:04 DEBUG    edu.bator.cards.AllCardsSet:  69 - Cloning edu.bator.cards.done.BirgitteSkullborn
2018-11-03 21:50:04 DEBUG    edu.bator.cards.AllCardsSet:  69 - Cloning edu.bator.cards.done.BirgitteSkullborn
2018-11-03 21:50:04 DEBUG    edu.bator.cards.AllCardsSet:  69 - Cloning edu.bator.cards.done.BirgitteSkullborn
2018-11-03 21:50:04 DEBUG    edu.bator.cards.AllCardsSet:  69 - Cloning edu.bator.cards.done.BirgitteSkullborn
2018-11-03 21:50:04 DEBUG    edu.bator.cards.AllCardsSet:  69 - Cloning edu.bator.cards.done.BirgitteSkullborn
2018-11-03 21:50:04 DEBUG    edu.bator.cards.AllCardsSet:  69 - Cloning edu.bator.cards.done.BirgitteSkullborn
2018-11-03 21:50:04 DEBUG    edu.bator.cards.AllCardsSet:  69 - Cloning edu.bator.cards.done.BirgitteSkullborn
2018-11-03 21:50:04 DEBUG    edu.bator.cards.AllCardsSet:  69 - Cloning edu.bator.cards.done.BirgitteSkullborn
2018-11-03 21:50:04 DEBUG    edu.bator.cards.AllCardsSet:  69 - Cloning edu.bator.cards.done.BirgitteSkullborn
2018-11-03 21:50:04 DEBUG    edu.bator.cards.AllCardsSet:  69 - Cloning edu.bator.cards.done.BirgitteSkullborn
2018-11-03 21:50:04 DEBUG    edu.bator.cards.AllCardsSet:  69 - Cloning edu.bator.cards.done.BirgitteSkullborn
2018-11-03 21:50:04 DEBUG    edu.bator.cards.AllCardsSet:  69 - Cloning edu.bator.cards.done.BirgitteSkullborn
2018-11-03 21:50:04 DEBUG    edu.bator.cards.AllCardsSet:  69 - Cloning edu.bator.cards.done.BirgitteSkullborn
2018-11-03 21:50:04 DEBUG    edu.bator.cards.AllCardsSet:  69 - Cloning edu.bator.cards.done.BirgitteSkullborn
2018-11-03 21:50:04 DEBUG    edu.bator.cards.AllCardsSet:  69 - Cloning edu.bator.cards.done.BirgitteSkullborn
2018-11-03 21:50:04 DEBUG    edu.bator.cards.AllCardsSet:  69 - Cloning edu.bator.cards.done.BirgitteSkullborn
2018-11-03 21:50:04 DEBUG    edu.bator.cards.AllCardsSet:  69 - Cloning edu.bator.cards.done.BirgitteSkullborn
2018-11-03 21:50:04 DEBUG    edu.bator.cards.AllCardsSet:  69 - Cloning edu.bator.cards.done.BirgitteSkullborn
2018-11-03 21:50:04 DEBUG    edu.bator.cards.AllCardsSet:  69 - Cloning edu.bator.cards.done.BirgitteSkullborn
2018-11-03 21:50:04 DEBUG    edu.bator.cards.AllCardsSet:  69 - Cloning edu.bator.cards.done.BirgitteSkullborn
2018-11-03 21:50:04 DEBUG    edu.bator.cards.AllCardsSet:  69 - Cloning edu.bator.cards.done.BirgitteSkullborn
2018-11-03 21:50:04 DEBUG    edu.bator.cards.AllCardsSet:  69 - Cloning edu.bator.cards.done.BirgitteSkullborn
2018-11-03 21:50:04 DEBUG    edu.bator.cards.AllCardsSet:  69 - Cloning edu.bator.cards.done.BirgitteSkullborn
2018-11-03 21:50:04 DEBUG    edu.bator.cards.AllCardsSet:  69 - Cloning edu.bator.cards.done.BirgitteSkullborn
2018-11-03 21:50:04 DEBUG    edu.bator.cards.AllCardsSet:  69 - Cloning edu.bator.cards.done.BirgitteSkullborn
2018-11-03 21:50:04 DEBUG    edu.bator.cards.AllCardsSet:  69 - Cloning edu.bator.cards.done.BirgitteSkullborn
2018-11-03 21:50:04 DEBUG    edu.bator.cards.AllCardsSet:  69 - Cloning edu.bator.cards.done.BirgitteSkullborn
2018-11-03 21:50:04 DEBUG    edu.bator.cards.AllCardsSet:  69 - Cloning edu.bator.cards.done.BirgitteSkullborn
2018-11-03 21:50:04 DEBUG    edu.bator.cards.AllCardsSet:  69 - Cloning edu.bator.cards.done.BirgitteSkullborn
2018-11-03 21:50:04 DEBUG    edu.bator.cards.AllCardsSet:  69 - Cloning edu.bator.cards.done.BirgitteSkullborn
2018-11-03 21:50:04 DEBUG    edu.bator.cards.AllCardsSet:  69 - Cloning edu.bator.cards.done.BirgitteSkullborn
2018-11-03 21:50:04 DEBUG    edu.bator.cards.AllCardsSet:  69 - Cloning edu.bator.cards.done.BirgitteSkullborn
2018-11-03 21:50:04 DEBUG    edu.bator.cards.AllCardsSet:  69 - Cloning edu.bator.cards.done.BirgitteSkullborn
2018-11-03 21:50:04 DEBUG    edu.bator.cards.AllCardsSet:  69 - Cloning edu.bator.cards.done.BirgitteSkullborn
2018-11-03 21:50:04 DEBUG    edu.bator.cards.AllCardsSet:  69 - Cloning edu.bator.cards.done.BirgitteSkullborn
2018-11-03 21:50:04 DEBUG    edu.bator.cards.AllCardsSet:  69 - Cloning edu.bator.cards.done.BirgitteSkullborn
2018-11-03 21:50:04 DEBUG    edu.bator.cards.AllCardsSet:  69 - Cloning edu.bator.cards.done.BirgitteSkullborn
2018-11-03 21:50:04 DEBUG    edu.bator.cards.AllCardsSet:  69 - Cloning edu.bator.cards.done.BirgitteSkullborn
2018-11-03 21:50:04 DEBUG    edu.bator.cards.AllCardsSet:  69 - Cloning edu.bator.cards.done.BirgitteSkullborn
2018-11-03 21:50:04 DEBUG    edu.bator.cards.AllCardsSet:  69 - Cloning edu.bator.cards.done.BirgitteSkullborn
2018-11-03 21:50:04 DEBUG    edu.bator.cards.AllCardsSet:  69 - Cloning edu.bator.cards.done.BirgitteSkullborn
2018-11-03 21:50:04 DEBUG    edu.bator.cards.AllCardsSet:  69 - Cloning edu.bator.cards.done.BirgitteSkullborn
2018-11-03 21:50:04 DEBUG    edu.bator.cards.AllCardsSet:  69 - Cloning edu.bator.cards.done.BirgitteSkullborn
2018-11-03 21:50:04 DEBUG    edu.bator.cards.AllCardsSet:  69 - Cloning edu.bator.cards.done.BirgitteSkullborn
2018-11-03 21:50:04 DEBUG    edu.bator.cards.AllCardsSet:  69 - Cloning edu.bator.cards.done.BirgitteSkullborn
2018-11-03 21:50:04 DEBUG    edu.bator.cards.AllCardsSet:  69 - Cloning edu.bator.cards.done.BirgitteSkullborn
2018-11-03 21:50:04 DEBUG    edu.bator.cards.AllCardsSet:  69 - Cloning edu.bator.cards.done.BirgitteSkullborn
2018-11-03 21:50:04 DEBUG    edu.bator.cards.AllCardsSet:  69 - Cloning edu.bator.cards.done.BirgitteSkullborn
2018-11-03 21:50:04 DEBUG    edu.bator.cards.AllCardsSet:  69 - Cloning edu.bator.cards.done.BirgitteSkullborn
2018-11-03 21:50:04 DEBUG    edu.bator.cards.AllCardsSet:  69 - Cloning edu.bator.cards.done.BirgitteSkullborn
2018-11-03 21:50:04 DEBUG    edu.bator.cards.AllCardsSet:  69 - Cloning edu.bator.cards.done.BirgitteSkullborn
2018-11-03 21:50:04 DEBUG    edu.bator.cards.AllCardsSet:  69 - Cloning edu.bator.cards.done.BirgitteSkullborn
2018-11-03 21:50:04 DEBUG    edu.bator.cards.AllCardsSet:  69 - Cloning edu.bator.cards.done.BirgitteSkullborn
2018-11-03 21:50:04 DEBUG    edu.bator.cards.AllCardsSet:  69 - Cloning edu.bator.cards.done.BirgitteSkullborn
2018-11-03 21:50:04 DEBUG    edu.bator.cards.AllCardsSet:  69 - Cloning edu.bator.cards.done.BirgitteSkullborn
2018-11-03 21:50:04 DEBUG    edu.bator.cards.AllCardsSet:  69 - Cloning edu.bator.cards.done.BirgitteSkullborn
2018-11-03 21:50:04 DEBUG    edu.bator.cards.AllCardsSet:  69 - Cloning edu.bator.cards.done.BirgitteSkullborn
2018-11-03 21:50:04 DEBUG    edu.bator.cards.AllCardsSet:  69 - Cloning edu.bator.cards.done.BirgitteSkullborn
2018-11-03 21:50:04 DEBUG    edu.bator.cards.AllCardsSet:  69 - Cloning edu.bator.cards.done.BirgitteSkullborn
2018-11-03 21:50:04 DEBUG    edu.bator.cards.AllCardsSet:  69 - Cloning edu.bator.cards.done.BirgitteSkullborn
2018-11-03 21:50:04 DEBUG    edu.bator.cards.AllCardsSet:  69 - Cloning edu.bator.cards.done.BirgitteSkullborn
2018-11-03 21:50:04 DEBUG    edu.bator.cards.AllCardsSet:  69 - Cloning edu.bator.cards.done.BirgitteSkullborn
2018-11-03 21:50:04 DEBUG    edu.bator.cards.AllCardsSet:  69 - Cloning edu.bator.cards.done.BirgitteSkullborn
2018-11-03 21:50:04 DEBUG    edu.bator.cards.AllCardsSet:  69 - Cloning edu.bator.cards.done.BirgitteSkullborn
2018-11-03 21:50:04 DEBUG    edu.bator.cards.AllCardsSet:  69 - Cloning edu.bator.cards.done.BirgitteSkullborn
2018-11-03 21:50:04 DEBUG    edu.bator.cards.AllCardsSet:  69 - Cloning edu.bator.cards.done.BirgitteSkullborn
2018-11-03 21:50:04 DEBUG    edu.bator.cards.AllCardsSet:  69 - Cloning edu.bator.cards.done.BirgitteSkullborn
2018-11-03 21:50:04 DEBUG    edu.bator.cards.AllCardsSet:  69 - Cloning edu.bator.cards.done.BirgitteSkullborn
2018-11-03 21:50:04 DEBUG    edu.bator.cards.AllCardsSet:  69 - Cloning edu.bator.cards.done.BirgitteSkullborn
2018-11-03 21:50:04 DEBUG    edu.bator.cards.AllCardsSet:  69 - Cloning edu.bator.cards.done.BirgitteSkullborn
2018-11-03 21:50:04 DEBUG    edu.bator.cards.AllCardsSet:  69 - Cloning edu.bator.cards.done.BirgitteSkullborn
2018-11-03 21:50:04 DEBUG    edu.bator.cards.AllCardsSet:  69 - Cloning edu.bator.cards.done.BirgitteSkullborn
2018-11-03 21:50:04 DEBUG    edu.bator.cards.AllCardsSet:  69 - Cloning edu.bator.cards.done.BirgitteSkullborn
2018-11-03 21:50:04 DEBUG    edu.bator.cards.AllCardsSet:  69 - Cloning edu.bator.cards.done.BirgitteSkullborn
2018-11-03 21:50:04 DEBUG    edu.bator.cards.AllCardsSet:  69 - Cloning edu.bator.cards.done.BirgitteSkullborn
2018-11-03 21:50:04 DEBUG    edu.bator.cards.AllCardsSet:  69 - Cloning edu.bator.cards.done.BirgitteSkullborn
2018-11-03 21:50:04 DEBUG    edu.bator.cards.AllCardsSet:  69 - Cloning edu.bator.cards.done.SnowSapphire
2018-11-03 21:50:04 DEBUG    edu.bator.cards.AllCardsSet:  69 - Cloning edu.bator.cards.done.SnowSapphire
2018-11-03 21:50:04 DEBUG    edu.bator.cards.AllCardsSet:  69 - Cloning edu.bator.cards.done.WarriorTraining
2018-11-03 21:50:04 DEBUG    edu.bator.cards.AllCardsSet:  69 - Cloning edu.bator.cards.done.WarriorTraining
2018-11-03 21:50:04 DEBUG    edu.bator.cards.AllCardsSet:  69 - Cloning edu.bator.cards.done.WarriorTraining
2018-11-03 21:50:04 DEBUG    edu.bator.cards.AllCardsSet:  69 - Cloning edu.bator.cards.done.WarriorTraining
2018-11-03 21:50:04 DEBUG    edu.bator.cards.AllCardsSet:  69 - Cloning edu.bator.cards.done.CripplingBlow
2018-11-03 21:50:04 DEBUG    edu.bator.cards.AllCardsSet:  69 - Cloning edu.bator.cards.done.CripplingBlow
2018-11-03 21:50:04 DEBUG    edu.bator.cards.AllCardsSet:  69 - Cloning edu.bator.cards.done.Enrage
2018-11-03 21:50:04 DEBUG    edu.bator.cards.AllCardsSet:  69 - Cloning edu.bator.cards.done.Enrage
2018-11-03 21:50:04 DEBUG    edu.bator.cards.AllCardsSet:  69 - Cloning edu.bator.cards.done.JasmineRosecult
2018-11-03 21:50:04 DEBUG    edu.bator.cards.AllCardsSet:  69 - Cloning edu.bator.cards.done.JasmineRosecult
2018-11-03 21:50:04 INFO        edu.bator.game.GameState: 100 - Init done.
2018-11-03 21:50:18 INFO       edu.bator.game.GameEngine: 128 - Picked: BirgitteSkullborn{baseAttack=0, initialHp=2, owner=YOU, uniqueId='f303a268-3345-4958-915f-20ca383f61b6'}
2018-11-03 21:50:18 INFO            edu.bator.EntryPoint: 105 - Started.
2018-11-03 21:50:27 DEBUG           edu.bator.EntryPoint: 112 - Game loaded.
2018-11-03 21:50:31 INFO  ui.events.CardCastClickedEvent:  94 - Casted: CripplingBlow{baseAttack=null, initialHp=null, owner=YOU, uniqueId='c37a2558-c48d-4751-b088-f4d8804fd58e'}
2018-11-03 21:50:38 DEBUG           edu.bator.EntryPoint: 112 - Game loaded.
2018-11-03 21:50:41 INFO       edu.bator.game.GameEngine: 128 - Picked: BirgitteSkullborn{baseAttack=0, initialHp=2, owner=ENEMY, uniqueId='2129124f-badb-40ac-a2da-71925d0be06e'}
2018-11-03 21:50:41 INFO  ents.CardSacrificeClickedEvent:  36 - Sacrificed: SnowSapphire{baseAttack=null, initialHp=4, owner=ENEMY, uniqueId='1a35a3f2-437f-4615-901a-04b64d32035d'}
2018-11-03 21:50:42 INFO  ui.events.CardCastClickedEvent:  94 - Casted: BirgitteSkullborn{baseAttack=0, initialHp=2, owner=ENEMY, uniqueId='2129124f-badb-40ac-a2da-71925d0be06e'}
2018-11-03 21:50:43 INFO       edu.bator.game.GameEngine: 128 - Picked: BirgitteSkullborn{baseAttack=0, initialHp=2, owner=YOU, uniqueId='ce515aed-b74e-4cc6-89b1-6ea18d618e75'}
2018-11-03 21:50:44 INFO  ents.CardSacrificeClickedEvent:  30 - Sacrificed: BirgitteSkullborn{baseAttack=0, initialHp=2, owner=YOU, uniqueId='ce515aed-b74e-4cc6-89b1-6ea18d618e75'}
2018-11-03 21:50:49 INFO  ui.events.CardCastClickedEvent:  94 - Casted: CripplingBlow{baseAttack=null, initialHp=null, owner=YOU, uniqueId='c37a2558-c48d-4751-b088-f4d8804fd58e'}
